C51 COMPILER V9.60.7.0   MAIN                                                              04/08/2024 15:40:12 PAGE 1   


C51 COMPILER V9.60.7.0, COMPILATION OF MODULE MAIN
OBJECT MODULE PLACED IN .\Objects\main.obj
COMPILER INVOKED BY: C:\Keil_v5\C51\BIN\C51.EXE main.c OPTIMIZE(8,SPEED) BROWSE DEBUG OBJECTEXTEND PRINT(.\Listings\main
                    -.lst) TABS(2) OBJECT(.\Objects\main.obj)

line level    source

   1          #include <at89c5131.h>
   2          
   3          int coeff[8] = {875.474, 4794.887, 16402.439, 27927.199, 27927.199,
   4                 16402.439, 4794.887, 875.474};
   5          float adc_data1[8] = {0};
   6          float y = 0;
   7          bit tx_complete = 0;
   8          bit rx_complete = 0;
   9          
  10          void compute()
  11          {
  12   1        int i;
  13   1        y = 0;
  14   1        for(i = 0; i < 8; i++)
  15   1        y += coeff[i] * adc_data1[i]/100000;
  16   1      }
  17          
  18          void msdelay(unsigned int time)
  19          {
  20   1        int i,j;
  21   1        for(i=0;i<time;i++)
  22   1        {
  23   2          for(j=0;j<382;j++);
  24   2        }
  25   1      }
  26          
  27          void uart_init(void)
  28          {
  29   1        TMOD=0x20;        
  30   1        TH1=0xF3;         
  31   1        SCON=0x50;        
  32   1        TCON=0x40;       
  33   1        ES=1;            
  34   1        EA=1;           
  35   1      }
  36            
  37          void transmit_char(unsigned char ch)
  38          {
  39   1        SBUF=ch;        
  40   1        while(!tx_complete);      
  41   1        tx_complete = 0;     
  42   1      }
  43          
  44          void transmit_string(unsigned char *s)
  45          {
  46   1        while(*s != 0)
  47   1        {
  48   2          transmit_char(*s++);
  49   2        }
  50   1      }
  51            
  52          unsigned char receive_char(void)
  53          {
  54   1        unsigned char ch = 0;
C51 COMPILER V9.60.7.0   MAIN                                                              04/08/2024 15:40:12 PAGE 2   

  55   1        while(!rx_complete);        
  56   1        rx_complete = 0;
  57   1        ch = SBUF;          
  58   1        return ch;          
  59   1      }
  60            
  61          void serial_ISR(void) interrupt 4
  62          {
  63   1        if(TI==1)     
  64   1        {
  65   2          TI = 0;     
  66   2          tx_complete = 1;  
  67   2        }
  68   1        else if(RI==1)      
  69   1        {
  70   2          RI = 0;     
  71   2          rx_complete = 1;
  72   2        }
  73   1      }
  74          
  75          void main(void)
  76          {
  77   1        unsigned char data_recv[5] = {0,0,0,0,'\0'};
  78   1        int i,sample_val;
  79   1        int sample_val_doub;
  80   1        unsigned char data_send[5] = {0,0,0,0,'\0'};
  81   1        
  82   1        uart_init();
  83   1        
  84   1        while (1)
  85   1        {
  86   2          //receiving sample value from PC
  87   2          //since each sample is a 4 digit number, the digits are stored in a character array of length 4  
  88   2          data_recv[0] = receive_char();    
  89   2          data_recv[1] = receive_char();
  90   2          data_recv[2] = receive_char(); 
  91   2          data_recv[3] = receive_char();
  92   2          data_recv[4] = '\0';
  93   2      
  94   2          //converting character array to its equivalent integer value
  95   2          sample_val = (data_recv[0]-48)*1000 + (data_recv[1]-48)*100 + (data_recv[2]-48)*10 + (data_recv[3]-48);
  96   2          
  97   2          //doubling the obtained integer value (you need to implement filtering here...)
  98   2          for(i = 0; i < 7; i++)
  99   2          adc_data1[i] = adc_data1[i+1];
 100   2          adc_data1[7] = sample_val;
 101   2          compute();
 102   2          
 103   2          sample_val_doub = (int) y;
 104   2          //converting integer value back to 4 character array (i.e string)
 105   2          data_send[0] = 48 + (sample_val_doub/1000);
 106   2          data_send[1] = 48 + (sample_val_doub%1000/100);
 107   2          data_send[2] = 48 + (sample_val_doub%100/10);
 108   2          data_send[3] = 48 + (sample_val_doub%10);
 109   2          
 110   2          //transmitting output back to PC
 111   2          transmit_string(data_send);
 112   2          transmit_string("\r\n");
 113   2          
 114   2        }
 115   1      }

C51 COMPILER V9.60.7.0   MAIN                                                              04/08/2024 15:40:12 PAGE 3   


MODULE INFORMATION:   STATIC OVERLAYABLE
   CODE SIZE        =    546    ----
   CONSTANT SIZE    =     13    ----
   XDATA SIZE       =   ----    ----
   PDATA SIZE       =   ----    ----
   DATA SIZE        =     52      19
   IDATA SIZE       =   ----    ----
   BIT SIZE         =      2    ----
END OF MODULE INFORMATION.


C51 COMPILATION COMPLETE.  0 WARNING(S),  0 ERROR(S)
